<?xml version="1.0" encoding="UTF-8"?>
<testng-results skipped="0" failed="0" total="4" passed="4">
  <reporter-output>
  </reporter-output>
  <suite name="Parallel" duration-ms="113518" started-at="2021-12-23T11:09:36Z" finished-at="2021-12-23T11:11:29Z">
    <groups>
    </groups>
    <test name="Huawei" duration-ms="43644" started-at="2021-12-23T11:09:36Z" finished-at="2021-12-23T11:10:19Z">
      <class name="com.lambdatest.run_parallel_test.ParallelTest">
        <test-method status="PASS" signature="setUp(java.lang.String)[pri:0, instance:com.lambdatest.run_parallel_test.ParallelTest@12843fce]" name="setUp" is-config="true" duration-ms="23248" started-at="2021-12-23T16:39:36Z" finished-at="2021-12-23T16:39:59Z">
          <params>
            <param index="0">
              <value>
                <![CDATA[1]]>
              </value>
            </param>
          </params>
          <reporter-output>
          </reporter-output>
        </test-method> <!-- setUp -->
        <test-method status="PASS" signature="setUp(java.lang.String)[pri:0, instance:com.lambdatest.run_parallel_test.ParallelTest@12843fce]" name="setUp" is-config="true" duration-ms="31228" started-at="2021-12-23T16:39:36Z" finished-at="2021-12-23T16:40:07Z">
          <params>
            <param index="0">
              <value>
                <![CDATA[1]]>
              </value>
            </param>
          </params>
          <reporter-output>
          </reporter-output>
        </test-method> <!-- setUp -->
        <test-method status="PASS" signature="test1()[pri:0, instance:com.lambdatest.run_parallel_test.ParallelTest@12843fce]" name="test1" duration-ms="12071" started-at="2021-12-23T16:39:59Z" finished-at="2021-12-23T16:40:11Z">
          <reporter-output>
          </reporter-output>
        </test-method> <!-- test1 -->
        <test-method status="PASS" signature="test2()[pri:0, instance:com.lambdatest.run_parallel_test.ParallelTest@12843fce]" name="test2" duration-ms="12193" started-at="2021-12-23T16:40:07Z" finished-at="2021-12-23T16:40:19Z">
          <reporter-output>
          </reporter-output>
        </test-method> <!-- test2 -->
        <test-method status="PASS" signature="tearDown()[pri:0, instance:com.lambdatest.run_parallel_test.ParallelTest@12843fce]" name="tearDown" is-config="true" duration-ms="223" started-at="2021-12-23T16:40:11Z" finished-at="2021-12-23T16:40:11Z">
          <reporter-output>
          </reporter-output>
        </test-method> <!-- tearDown -->
        <test-method status="PASS" signature="tearDown()[pri:0, instance:com.lambdatest.run_parallel_test.ParallelTest@12843fce]" name="tearDown" is-config="true" duration-ms="210" started-at="2021-12-23T16:40:19Z" finished-at="2021-12-23T16:40:19Z">
          <reporter-output>
          </reporter-output>
        </test-method> <!-- tearDown -->
      </class> <!-- com.lambdatest.run_parallel_test.ParallelTest -->
    </test> <!-- Huawei -->
    <test name="motorola" duration-ms="113518" started-at="2021-12-23T11:09:36Z" finished-at="2021-12-23T11:11:29Z">
      <class name="com.lambdatest.run_parallel_test.ParallelTest">
        <test-method status="PASS" signature="setUp(java.lang.String)[pri:0, instance:com.lambdatest.run_parallel_test.ParallelTest@617c74e5]" name="setUp" is-config="true" duration-ms="100871" started-at="2021-12-23T16:39:36Z" finished-at="2021-12-23T16:41:17Z">
          <params>
            <param index="0">
              <value>
                <![CDATA[0]]>
              </value>
            </param>
          </params>
          <reporter-output>
          </reporter-output>
        </test-method> <!-- setUp -->
        <test-method status="PASS" signature="setUp(java.lang.String)[pri:0, instance:com.lambdatest.run_parallel_test.ParallelTest@617c74e5]" name="setUp" is-config="true" duration-ms="31259" started-at="2021-12-23T16:39:36Z" finished-at="2021-12-23T16:40:07Z">
          <params>
            <param index="0">
              <value>
                <![CDATA[0]]>
              </value>
            </param>
          </params>
          <reporter-output>
          </reporter-output>
        </test-method> <!-- setUp -->
        <test-method status="PASS" signature="test2()[pri:0, instance:com.lambdatest.run_parallel_test.ParallelTest@617c74e5]" name="test2" duration-ms="12942" started-at="2021-12-23T16:40:07Z" finished-at="2021-12-23T16:40:20Z">
          <reporter-output>
          </reporter-output>
        </test-method> <!-- test2 -->
        <test-method status="PASS" signature="tearDown()[pri:0, instance:com.lambdatest.run_parallel_test.ParallelTest@617c74e5]" name="tearDown" is-config="true" duration-ms="215" started-at="2021-12-23T16:40:20Z" finished-at="2021-12-23T16:40:20Z">
          <reporter-output>
          </reporter-output>
        </test-method> <!-- tearDown -->
        <test-method status="PASS" signature="test1()[pri:0, instance:com.lambdatest.run_parallel_test.ParallelTest@617c74e5]" name="test1" duration-ms="12426" started-at="2021-12-23T16:41:17Z" finished-at="2021-12-23T16:41:29Z">
          <reporter-output>
          </reporter-output>
        </test-method> <!-- test1 -->
        <test-method status="PASS" signature="tearDown()[pri:0, instance:com.lambdatest.run_parallel_test.ParallelTest@617c74e5]" name="tearDown" is-config="true" duration-ms="206" started-at="2021-12-23T16:41:29Z" finished-at="2021-12-23T16:41:29Z">
          <reporter-output>
          </reporter-output>
        </test-method> <!-- tearDown -->
      </class> <!-- com.lambdatest.run_parallel_test.ParallelTest -->
    </test> <!-- motorola -->
  </suite> <!-- Parallel -->
</testng-results>
