<?xml version="1.0" encoding="UTF-8"?>
<testng-results skipped="0" failed="0" total="4" passed="4">
  <reporter-output>
  </reporter-output>
  <suite name="Parallel" duration-ms="47847" started-at="2021-12-22T12:49:30Z" finished-at="2021-12-22T12:50:18Z">
    <groups>
    </groups>
    <test name="Huawei" duration-ms="40887" started-at="2021-12-22T12:49:30Z" finished-at="2021-12-22T12:50:11Z">
      <class name="com.lambdatest.run_parallel_test.ParallelTest">
        <test-method status="PASS" signature="setUp(java.lang.String)[pri:0, instance:com.lambdatest.run_parallel_test.ParallelTest@12843fce]" name="setUp" is-config="true" duration-ms="21054" started-at="2021-12-22T18:19:30Z" finished-at="2021-12-22T18:19:51Z">
          <params>
            <param index="0">
              <value>
                <![CDATA[1]]>
              </value>
            </param>
          </params>
          <reporter-output>
          </reporter-output>
        </test-method> <!-- setUp -->
        <test-method status="PASS" signature="setUp(java.lang.String)[pri:0, instance:com.lambdatest.run_parallel_test.ParallelTest@12843fce]" name="setUp" is-config="true" duration-ms="28181" started-at="2021-12-22T18:19:30Z" finished-at="2021-12-22T18:19:58Z">
          <params>
            <param index="0">
              <value>
                <![CDATA[1]]>
              </value>
            </param>
          </params>
          <reporter-output>
          </reporter-output>
        </test-method> <!-- setUp -->
        <test-method status="PASS" signature="test2()[pri:0, instance:com.lambdatest.run_parallel_test.ParallelTest@12843fce]" name="test2" duration-ms="12247" started-at="2021-12-22T18:19:51Z" finished-at="2021-12-22T18:20:03Z">
          <reporter-output>
          </reporter-output>
        </test-method> <!-- test2 -->
        <test-method status="PASS" signature="test1()[pri:0, instance:com.lambdatest.run_parallel_test.ParallelTest@12843fce]" name="test1" duration-ms="12470" started-at="2021-12-22T18:19:58Z" finished-at="2021-12-22T18:20:11Z">
          <reporter-output>
          </reporter-output>
        </test-method> <!-- test1 -->
        <test-method status="PASS" signature="tearDown()[pri:0, instance:com.lambdatest.run_parallel_test.ParallelTest@12843fce]" name="tearDown" is-config="true" duration-ms="211" started-at="2021-12-22T18:20:03Z" finished-at="2021-12-22T18:20:03Z">
          <reporter-output>
          </reporter-output>
        </test-method> <!-- tearDown -->
        <test-method status="PASS" signature="tearDown()[pri:0, instance:com.lambdatest.run_parallel_test.ParallelTest@12843fce]" name="tearDown" is-config="true" duration-ms="223" started-at="2021-12-22T18:20:11Z" finished-at="2021-12-22T18:20:11Z">
          <reporter-output>
          </reporter-output>
        </test-method> <!-- tearDown -->
      </class> <!-- com.lambdatest.run_parallel_test.ParallelTest -->
    </test> <!-- Huawei -->
    <test name="motorola" duration-ms="47847" started-at="2021-12-22T12:49:30Z" finished-at="2021-12-22T12:50:18Z">
      <class name="com.lambdatest.run_parallel_test.ParallelTest">
        <test-method status="PASS" signature="setUp(java.lang.String)[pri:0, instance:com.lambdatest.run_parallel_test.ParallelTest@617c74e5]" name="setUp" is-config="true" duration-ms="33380" started-at="2021-12-22T18:19:30Z" finished-at="2021-12-22T18:20:03Z">
          <params>
            <param index="0">
              <value>
                <![CDATA[0]]>
              </value>
            </param>
          </params>
          <reporter-output>
          </reporter-output>
        </test-method> <!-- setUp -->
        <test-method status="PASS" signature="setUp(java.lang.String)[pri:0, instance:com.lambdatest.run_parallel_test.ParallelTest@617c74e5]" name="setUp" is-config="true" duration-ms="30189" started-at="2021-12-22T18:19:30Z" finished-at="2021-12-22T18:20:00Z">
          <params>
            <param index="0">
              <value>
                <![CDATA[0]]>
              </value>
            </param>
          </params>
          <reporter-output>
          </reporter-output>
        </test-method> <!-- setUp -->
        <test-method status="PASS" signature="test1()[pri:0, instance:com.lambdatest.run_parallel_test.ParallelTest@617c74e5]" name="test1" duration-ms="14336" started-at="2021-12-22T18:20:00Z" finished-at="2021-12-22T18:20:14Z">
          <reporter-output>
          </reporter-output>
        </test-method> <!-- test1 -->
        <test-method status="PASS" signature="test2()[pri:0, instance:com.lambdatest.run_parallel_test.ParallelTest@617c74e5]" name="test2" duration-ms="14236" started-at="2021-12-22T18:20:03Z" finished-at="2021-12-22T18:20:18Z">
          <reporter-output>
          </reporter-output>
        </test-method> <!-- test2 -->
        <test-method status="PASS" signature="tearDown()[pri:0, instance:com.lambdatest.run_parallel_test.ParallelTest@617c74e5]" name="tearDown" is-config="true" duration-ms="215" started-at="2021-12-22T18:20:14Z" finished-at="2021-12-22T18:20:15Z">
          <reporter-output>
          </reporter-output>
        </test-method> <!-- tearDown -->
        <test-method status="PASS" signature="tearDown()[pri:0, instance:com.lambdatest.run_parallel_test.ParallelTest@617c74e5]" name="tearDown" is-config="true" duration-ms="218" started-at="2021-12-22T18:20:18Z" finished-at="2021-12-22T18:20:18Z">
          <reporter-output>
          </reporter-output>
        </test-method> <!-- tearDown -->
      </class> <!-- com.lambdatest.run_parallel_test.ParallelTest -->
    </test> <!-- motorola -->
  </suite> <!-- Parallel -->
</testng-results>
